/usr/local/python3.11.13/lib/python3.11/site-packages/torch_npu/dynamo/torchair/configs/compiler_config.py:106: UserWarning: The following torchair config or properties may not take effect or report error in max-autotune mode: config.debug.aclgraph.clone_input:True
  warnings.warn(
/usr/local/python3.11.13/lib/python3.11/site-packages/sglang/srt/layers/quantization/awq.py:77: UserWarning: Only CUDA, HIP and XPU support AWQ currently.
  warnings.warn(f"Only CUDA, HIP and XPU support AWQ currently.")
/usr/local/python3.11.13/lib/python3.11/site-packages/sglang/srt/layers/quantization/gguf.py:46: UserWarning: Only CUDA support GGUF quantization currently.
  warnings.warn(f"Only CUDA support GGUF quantization currently.")
[2026-01-05 07:03:10] WARNING model_config.py:814: modelslim quantization is not fully optimized yet. The speed can be slower than non-quantized models.
Traceback (most recent call last):
  File "<frozen runpy>", line 198, in _run_module_as_main
  File "<frozen runpy>", line 88, in _run_code
  File "/usr/local/python3.11.13/lib/python3.11/site-packages/sglang/launch_server.py", line 29, in <module>
    server_args = prepare_server_args(sys.argv[1:])
                  ^^^^^^^^^^^^^^^^^^^^^^^^^^^^^^^^^
  File "/usr/local/python3.11.13/lib/python3.11/site-packages/sglang/srt/server_args.py", line 5055, in prepare_server_args
    return ServerArgs.from_cli_args(raw_args)
           ^^^^^^^^^^^^^^^^^^^^^^^^^^^^^^^^^^
  File "/usr/local/python3.11.13/lib/python3.11/site-packages/sglang/srt/server_args.py", line 4552, in from_cli_args
    return cls(**{attr: getattr(args, attr) for attr in attrs})
           ^^^^^^^^^^^^^^^^^^^^^^^^^^^^^^^^^^^^^^^^^^^^^^^^^^^^
  File "<string>", line 318, in __init__
  File "/usr/local/python3.11.13/lib/python3.11/site-packages/sglang/srt/server_args.py", line 680, in __post_init__
    self._handle_model_specific_adjustments()
  File "/usr/local/python3.11.13/lib/python3.11/site-packages/sglang/srt/server_args.py", line 1097, in _handle_model_specific_adjustments
    self.disaggregation_mode != "decode"
AssertionError: CP is only supported for prefill when PD disaggregation, please remove --enable-nsa-prefill-context-parallel.
[ERROR] 2026-01-05-07:03:11 (PID:109971, Device:-1, RankID:-1) ERR99999 UNKNOWN applicaiton exception
